<?xml version="1.0" encoding="UTF-8"?>
<testsuite xmlns:xsi="http://www.w3.org/2001/XMLSchema-instance" xsi:noNamespaceSchemaLocation="https://maven.apache.org/surefire/maven-surefire-plugin/xsd/surefire-test-report-3.0.xsd" version="3.0" name="wms.ProductTest" time="0.029" tests="8" errors="0" skipped="0" failures="0">
  <properties>
[...]
</properties>
  <testcase name="setQuantityNegative" classname="wms.ProductTest" time="0.003">
    <system-out><![CDATA[Quantity cannot be negative
]]></system-out>
  </testcase>
  <testcase name="testRestockIncreasesQuantity" classname="wms.ProductTest" time="0.0"/>
  <testcase name="isQuantityValidated" classname="wms.ProductTest" time="0.007"/>
  <testcase name="isLowStockTrue" classname="wms.ProductTest" time="0.002"/>
  <testcase name="restockNegative" classname="wms.ProductTest" time="0.0">
    <system-out><![CDATA[Invalid restock amount: must be positive
]]></system-out>
  </testcase>
  <testcase name="getPriceCorrect" classname="wms.ProductTest" time="0.0"/>
  <testcase name="isLowStockFalse" classname="wms.ProductTest" time="0.003"/>
  <testcase name="checkGettersValues" classname="wms.ProductTest" time="0.003"/>
</testsuite>